<?xml version="1.0" encoding="UTF-8"?>
<!-- Generated by org.testng.reporters.JUnitXMLReporter -->
<testsuite hostname="user-PC" name="Test" tests="3" failures="0" timestamp="19 Nov 2016 17:34:50 GMT" time="0.947" errors="0">
  <testcase name="@BeforeSuite startSuite" time="0.0" classname="com.testscript.Scenario_Login">
    <failure type="java.lang.UnsupportedClassVersionError" message="com/relevantcodes/extentreports/ExtentReports : Unsupported major.minor version 52.0">
      <![CDATA[java.lang.UnsupportedClassVersionError: com/relevantcodes/extentreports/ExtentReports : Unsupported major.minor version 52.0
	at java.lang.ClassLoader.defineClass1(Native Method)
	at java.lang.ClassLoader.defineClass(Unknown Source)
	at java.security.SecureClassLoader.defineClass(Unknown Source)
	at java.net.URLClassLoader.defineClass(Unknown Source)
	at java.net.URLClassLoader.access$100(Unknown Source)
	at java.net.URLClassLoader$1.run(Unknown Source)
	at java.net.URLClassLoader$1.run(Unknown Source)
	at java.security.AccessController.doPrivileged(Native Method)
	at java.net.URLClassLoader.findClass(Unknown Source)
	at java.lang.ClassLoader.loadClass(Unknown Source)
	at sun.misc.Launcher$AppClassLoader.loadClass(Unknown Source)
	at java.lang.ClassLoader.loadClass(Unknown Source)
	at com.generic.BaseClass.startSuite(BaseClass.java:23)
... Removed 18 stack frames]]>
    </failure>
  </testcase> <!-- @BeforeSuite startSuite -->
  <testcase name="@BeforeMethod initializeBrowser" time="0.0" classname="com.testscript.Scenario_Login">
    <skipped/>
  </testcase> <!-- @BeforeMethod initializeBrowser -->
  <testcase name="@AfterMethod tearDown" time="0.0" classname="com.testscript.Scenario_Login">
    <skipped/>
  </testcase> <!-- @AfterMethod tearDown -->
  <testcase name="@BeforeMethod initializeBrowser" time="0.0" classname="com.testscript.Scenario_Login">
    <skipped/>
  </testcase> <!-- @BeforeMethod initializeBrowser -->
  <testcase name="@AfterMethod tearDown" time="0.0" classname="com.testscript.Scenario_Login">
    <skipped/>
  </testcase> <!-- @AfterMethod tearDown -->
  <testcase name="@BeforeMethod initializeBrowser" time="0.0" classname="com.testscript.Scenario_Login">
    <skipped/>
  </testcase> <!-- @BeforeMethod initializeBrowser -->
  <testcase name="@AfterMethod tearDown" time="0.0" classname="com.testscript.Scenario_Login">
    <skipped/>
  </testcase> <!-- @AfterMethod tearDown -->
  <testcase name="invalidLogin" time="0.0" classname="com.testscript.Scenario_Login">
    <skipped/>
  </testcase> <!-- invalidLogin -->
  <testcase name="invalidLogin" time="0.0" classname="com.testscript.Scenario_Login">
    <skipped/>
  </testcase> <!-- invalidLogin -->
  <testcase name="validLogin" time="0.001" classname="com.testscript.Scenario_Login">
    <skipped/>
  </testcase> <!-- validLogin -->
</testsuite> <!-- Test -->
