<?xml version="1.0" encoding="UTF-8"?>
<testsuite name="Test"
           tests="3"
           failures="0"
           errors="0"
           skipped="0"
           time="8.661">
  <properties />
  
  
            <testcase name="invalidLogin" time="2.089" classname="com.testscript.Scenario_Login" />
                <testcase name="validLogin" time="3.335" classname="com.testscript.Scenario_Login" />
                <testcase name="invalidLogin" time="3.237" classname="com.testscript.Scenario_Login" />
      
</testsuite>
