<?xml version="1.0" encoding="UTF-8"?>
<testng-results skipped="1" failed="0" total="1" passed="0">
  <reporter-output>
  </reporter-output>
  <suite name="Default suite" duration-ms="1332" started-at="2016-11-19T18:39:55Z" finished-at="2016-11-19T18:39:56Z">
    <groups>
    </groups>
    <test name="Default test" duration-ms="1332" started-at="2016-11-19T18:39:55Z" finished-at="2016-11-19T18:39:56Z">
      <class name="com.testscript.Scenario_Login">
        <test-method status="FAIL" signature="startSuite()[pri:0, instance:com.testscript.Scenario_Login@8b4796]" name="startSuite" is-config="true" duration-ms="0" started-at="2016-11-20T00:09:55Z" finished-at="2016-11-20T00:09:55Z">
          <exception class="java.lang.UnsupportedClassVersionError">
            <message>
              <![CDATA[com/relevantcodes/extentreports/ExtentReports : Unsupported major.minor version 52.0]]>
            </message>
            <full-stacktrace>
              <![CDATA[java.lang.UnsupportedClassVersionError: com/relevantcodes/extentreports/ExtentReports : Unsupported major.minor version 52.0
	at java.lang.ClassLoader.defineClass1(Native Method)
	at java.lang.ClassLoader.defineClass(Unknown Source)
	at java.security.SecureClassLoader.defineClass(Unknown Source)
	at java.net.URLClassLoader.defineClass(Unknown Source)
	at java.net.URLClassLoader.access$100(Unknown Source)
	at java.net.URLClassLoader$1.run(Unknown Source)
	at java.net.URLClassLoader$1.run(Unknown Source)
	at java.security.AccessController.doPrivileged(Native Method)
	at java.net.URLClassLoader.findClass(Unknown Source)
	at java.lang.ClassLoader.loadClass(Unknown Source)
	at sun.misc.Launcher$AppClassLoader.loadClass(Unknown Source)
	at java.lang.ClassLoader.loadClass(Unknown Source)
	at com.generic.BaseClass.startSuite(BaseClass.java:23)
	at sun.reflect.NativeMethodAccessorImpl.invoke0(Native Method)
	at sun.reflect.NativeMethodAccessorImpl.invoke(Unknown Source)
	at sun.reflect.DelegatingMethodAccessorImpl.invoke(Unknown Source)
	at java.lang.reflect.Method.invoke(Unknown Source)
	at org.testng.internal.MethodInvocationHelper.invokeMethod(MethodInvocationHelper.java:80)
	at org.testng.internal.Invoker.invokeConfigurationMethod(Invoker.java:564)
	at org.testng.internal.Invoker.invokeConfigurations(Invoker.java:213)
	at org.testng.internal.Invoker.invokeConfigurations(Invoker.java:138)
	at org.testng.SuiteRunner.privateRun(SuiteRunner.java:277)
	at org.testng.SuiteRunner.run(SuiteRunner.java:240)
	at org.testng.SuiteRunnerWorker.runSuite(SuiteRunnerWorker.java:52)
	at org.testng.SuiteRunnerWorker.run(SuiteRunnerWorker.java:86)
	at org.testng.TestNG.runSuitesSequentially(TestNG.java:1203)
	at org.testng.TestNG.runSuitesLocally(TestNG.java:1128)
	at org.testng.TestNG.run(TestNG.java:1036)
	at org.testng.remote.RemoteTestNG.run(RemoteTestNG.java:111)
	at org.testng.remote.RemoteTestNG.initAndRun(RemoteTestNG.java:204)
	at org.testng.remote.RemoteTestNG.main(RemoteTestNG.java:175)
]]>
            </full-stacktrace>
          </exception> <!-- java.lang.UnsupportedClassVersionError -->
          <reporter-output>
          </reporter-output>
        </test-method> <!-- startSuite -->
        <test-method status="SKIP" signature="initializeBrowser()[pri:0, instance:com.testscript.Scenario_Login@8b4796]" name="initializeBrowser" is-config="true" duration-ms="0" started-at="2016-11-20T00:09:56Z" finished-at="2016-11-20T00:09:56Z">
          <reporter-output>
          </reporter-output>
        </test-method> <!-- initializeBrowser -->
        <test-method status="SKIP" signature="tearDown()[pri:0, instance:com.testscript.Scenario_Login@8b4796]" name="tearDown" is-config="true" duration-ms="0" started-at="2016-11-20T00:09:56Z" finished-at="2016-11-20T00:09:56Z">
          <reporter-output>
          </reporter-output>
        </test-method> <!-- tearDown -->
        <test-method status="SKIP" signature="validLogin(java.lang.String, java.lang.String, java.lang.String, java.lang.String, java.lang.String, java.lang.String)[pri:0, instance:com.testscript.Scenario_Login@8b4796]" name="validLogin" duration-ms="0" started-at="2016-11-20T00:09:56Z" data-provider="ValidLogin_DP" finished-at="2016-11-20T00:09:56Z">
          <params>
            <param index="0">
              <value>
                <![CDATA[GB_07]]>
              </value>
            </param>
            <param index="1">
              <value>
                <![CDATA[validLogin]]>
              </value>
            </param>
            <param index="2">
              <value>
                <![CDATA[Y]]>
              </value>
            </param>
            <param index="3">
              <value>
                <![CDATA[qtpworld2008@gmail.com]]>
              </value>
            </param>
            <param index="4">
              <value>
                <![CDATA[learn123]]>
              </value>
            </param>
            <param index="5">
              <value>
                <![CDATA[qtpworld2008 g]]>
              </value>
            </param>
          </params>
          <reporter-output>
          </reporter-output>
        </test-method> <!-- validLogin -->
      </class> <!-- com.testscript.Scenario_Login -->
    </test> <!-- Default test -->
  </suite> <!-- Default suite -->
</testng-results>
